Command line:
   data_send_tb_isim_beh.exe
     -simmode  gui
     -simrunnum  0
     -socket  51632

Thu May 05 18:18:10 2016


 Elaboration Time: 0.0312 sec

 Current Memory Usage: 666.563 Meg

 Total Signals          : 13
 Total Nets             : 136
 Total Signal Drivers   : 8
 Total Blocks           : 5
 Total Primitive Blocks : 4
 Total Processes        : 6
 Total Traceable Variables  : 11
 Total Scalar Nets and Variables : 515
Total Line Count : 23

 Total Simulation Time: 0.1248 sec

 Current Memory Usage: 666.563 Meg

Thu May 05 18:20:59 2016

