#-----------------------------------------------------------
# PlanAhead v14.7 (64-bit)
# Build 321239 by xbuild on Fri Sep 27 19:29:51 MDT 2013
# Start of session at: Thu Apr 21 10:59:25 2016
# Process ID: 2280
# Log file: C:/Users/Collin/Downloads/gps_gadc/GPS_ADC_01/GPS_ADC_/GEL_CAPTAN/planAhead_run_1/planAhead.log
# Journal file: C:/Users/Collin/Downloads/gps_gadc/GPS_ADC_01/GPS_ADC_/GEL_CAPTAN/planAhead_run_1/planAhead.jou
#-----------------------------------------------------------
INFO: [Common 17-78] Attempting to get a license: PlanAhead
INFO: [Common 17-290] Got license for PlanAhead
INFO: [Device 21-36] Loading parts and site information from C:/Xilinx/14.7/ISE_DS/PlanAhead/data/parts/arch.xml
Parsing RTL primitives file [C:/Xilinx/14.7/ISE_DS/PlanAhead/data/parts/xilinx/rtl/prims/rtl_prims.xml]
Finished parsing RTL primitives file [C:/Xilinx/14.7/ISE_DS/PlanAhead/data/parts/xilinx/rtl/prims/rtl_prims.xml]
start_gui
source C:/Users/Collin/Downloads/gps_gadc/GPS_ADC_01/GPS_ADC_/GEL_CAPTAN/pa.fromHdl.tcl
# create_project -name dig_mac -dir "C:/Users/Collin/Downloads/gps_gadc/GPS_ADC_01/GPS_ADC_/GEL_CAPTAN/planAhead_run_1" -part xc4vlx25ff668-10
create_project: Time (s): elapsed = 00:00:06 . Memory (MB): peak = 392.684 ; gain = 62.301
# set_param project.pinAheadLayout yes
INFO: [Common 17-41] Interrupt caught. Command should exit soon.
INFO: [Common 17-344] 'set_param' was cancelled
INFO: [Common 17-344] 'source' was cancelled
exit
ERROR: [PlanAhead 12-106] *** Exception: ui.h.b: Found deleted key in HTclEventBroker. Verify if the classes listed here call cleanup()
HTclEvent: DEBUG_CORE_CONFIG_CHANGE   Classes: ui.views.aR 
HTclEvent: SIGNAL_MODIFY   Classes: ui.views.aR 
HTclEvent: SIGNAL_BUS_MODIFY   Classes: ui.views.aR 
HTclEvent: DEBUG_PORT_CONFIG_CHANGE   Classes: ui.views.aR 
 (See C:/Users/Collin/Downloads/gps_gadc/GPS_ADC_01/GPS_ADC_/GEL_CAPTAN\planAhead_pid2280.debug)
ERROR: [Common 17-39] 'stop_gui' failed due to earlier errors.
INFO: [Common 17-206] Exiting PlanAhead at Thu Apr 21 11:00:20 2016...
INFO: [Common 17-83] Releasing license: PlanAhead
