Command line:
   data_send_isim_beh.exe
     -simmode  gui
     -simrunnum  0
     -socket  51611

Thu May 05 18:13:48 2016


 Elaboration Time: 0.0468 sec

 Current Memory Usage: 666.563 Meg

 Total Signals          : 8
 Total Nets             : 136
 Total Signal Drivers   : 5
 Total Blocks           : 4
 Total Primitive Blocks : 4
 Total Processes        : 4
 Total Traceable Variables  : 10
 Total Scalar Nets and Variables : 514
Total Line Count : 14

 Total Simulation Time: 0.0468 sec

 Current Memory Usage: 666.563 Meg

Thu May 05 18:15:59 2016

